<?xml version="1.0" encoding="UTF-8"?>
<!-- Generated by org.testng.reporters.JUnitXMLReporter -->
<testsuite hostname="JZ-MBP.local" name="Surefire test" tests="4" failures="0" timestamp="13 Mar 2016 00:34:05 GMT" time="1.747" errors="0">
  <testcase name="testFullExample" time="0.856" classname="com.bdh.automation.ExampleTest"/>
  <testcase name="testScreenshotExample" time="0.167" classname="com.bdh.automation.ExampleTest"/>
  <testcase name="testStepExample" time="0.001" classname="com.bdh.automation.ExampleTest"/>
  <testcase name="testTextAttachmentExample" time="0.001" classname="com.bdh.automation.ExampleTest"/>
</testsuite> <!-- Surefire test -->
