<?xml version="1.0" encoding="UTF-8"?>
<!-- Generated by org.testng.reporters.JUnitXMLReporter -->
<testsuite hostname="JZ-MBP.local" name="Default test" tests="4" failures="0" timestamp="13 Mar 2016 00:21:02 GMT" time="0.679" errors="0">
  <testcase name="testFullExample" time="0.472" classname="com.bdh.automation.ExampleTest"/>
  <testcase name="testScreenshotExample" time="0.184" classname="com.bdh.automation.ExampleTest"/>
  <testcase name="testStepExample" time="0.0" classname="com.bdh.automation.ExampleTest"/>
  <testcase name="testTextAttachmentExample" time="0.001" classname="com.bdh.automation.ExampleTest"/>
</testsuite> <!-- Default test -->
